TN:
SF:src\CurrencyConverter.ts
FN:7,CurrencyConverter
FN:9,Convert
FN:16,GenerateConversionReport
FN:35,getExchangeRate
FN:39,calculateConversion
FN:45,validateExchangeRate
FN:55,validateAmount
FNF:7
FNH:7
FNDA:5,CurrencyConverter
FNDA:3,Convert
FNDA:2,GenerateConversionReport
FNDA:2,getExchangeRate
FNDA:3,calculateConversion
FNDA:5,validateExchangeRate
FNDA:3,validateAmount
DA:1,1
DA:2,1
DA:3,1
DA:4,1
DA:5,1
DA:6,1
DA:7,1
DA:8,1
DA:9,1
DA:10,3
DA:11,3
DA:12,3
DA:13,3
DA:14,3
DA:15,1
DA:16,1
DA:17,2
DA:18,2
DA:19,2
DA:20,2
DA:21,2
DA:22,2
DA:23,2
DA:24,2
DA:25,2
DA:26,2
DA:27,4
DA:28,4
DA:29,4
DA:30,4
DA:31,1
DA:32,1
DA:33,1
DA:34,1
DA:35,1
DA:36,2
DA:37,2
DA:38,1
DA:39,1
DA:40,3
DA:41,3
DA:42,3
DA:43,3
DA:44,1
DA:45,1
DA:46,5
DA:47,0
DA:48,0
DA:49,5
DA:50,5
DA:51,0
DA:52,0
DA:53,5
DA:54,1
DA:55,1
DA:56,3
DA:57,1
DA:58,1
DA:59,3
DA:60,1
LF:60
LH:56
BRDA:7,0,0,5
BRDA:9,1,0,3
BRDA:16,2,0,2
BRDA:26,3,0,4
BRDA:31,4,0,1
BRDA:35,5,0,2
BRDA:39,6,0,3
BRDA:45,7,0,5
BRDA:46,8,0,0
BRDA:50,9,0,0
BRDA:55,10,0,3
BRDA:56,11,0,1
BRF:12
BRH:10
end_of_record
TN:
SF:src\ExchangeRateService.ts
FN:1,(empty-report)
FNF:1
FNH:0
FNDA:0,(empty-report)
DA:1,0
DA:2,0
DA:3,0
LF:3
LH:0
BRDA:1,0,0,0
BRF:1
BRH:0
end_of_record
