TN:
SF:src\calculator.ts
FN:2,Add
FN:6,Subtract
FN:10,Multiply
FN:14,Divide
FN:21,Sqrt
FN:28,Power
FNF:6
FNH:6
FNDA:7,Add
FNDA:6,Subtract
FNDA:6,Multiply
FNDA:7,Divide
FNDA:4,Sqrt
FNDA:5,Power
DA:1,1
DA:2,1
DA:3,7
DA:4,7
DA:5,1
DA:6,1
DA:7,6
DA:8,6
DA:9,1
DA:10,1
DA:11,6
DA:12,6
DA:13,1
DA:14,1
DA:15,7
DA:16,1
DA:17,1
DA:18,6
DA:19,6
DA:20,1
DA:21,1
DA:22,4
DA:23,1
DA:24,1
DA:25,3
DA:26,3
DA:27,1
DA:28,1
DA:29,5
DA:30,5
DA:31,1
LF:31
LH:31
BRDA:2,0,0,7
BRDA:6,1,0,6
BRDA:10,2,0,6
BRDA:14,3,0,7
BRDA:15,4,0,1
BRDA:18,5,0,6
BRDA:21,6,0,4
BRDA:22,7,0,1
BRDA:25,8,0,3
BRDA:28,9,0,5
BRF:10
BRH:10
end_of_record
